<?xml version="1.0" encoding="UTF-8"?>
<testng-results ignored="0" total="1" passed="1" failed="0" skipped="0">
  <reporter-output>
  </reporter-output>
  <suite started-at="2025-03-26T14:47:23 IST" name="Default suite" finished-at="2025-03-26T14:47:31 IST" duration-ms="8620">
    <groups>
    </groups>
    <test started-at="2025-03-26T14:47:23 IST" name="Default test" finished-at="2025-03-26T14:47:31 IST" duration-ms="8620">
      <class name="NewTest">
        <test-method is-config="true" signature="beforeClass()[pri:0, instance:NewTest@77c2494c]" started-at="2025-03-26T14:47:23 IST" name="beforeClass" finished-at="2025-03-26T14:47:25 IST" duration-ms="2452" status="PASS">
          <reporter-output>
          </reporter-output>
        </test-method> <!-- beforeClass -->
        <test-method signature="opengoogle()[pri:0, instance:NewTest@77c2494c]" started-at="2025-03-26T14:47:25 IST" name="opengoogle" finished-at="2025-03-26T14:47:27 IST" duration-ms="1657" status="PASS">
          <reporter-output>
          </reporter-output>
        </test-method> <!-- opengoogle -->
        <test-method is-config="true" signature="afterClass()[pri:0, instance:NewTest@77c2494c]" started-at="2025-03-26T14:47:27 IST" name="afterClass" finished-at="2025-03-26T14:47:31 IST" duration-ms="4450" status="PASS">
          <reporter-output>
          </reporter-output>
        </test-method> <!-- afterClass -->
      </class> <!-- NewTest -->
    </test> <!-- Default test -->
  </suite> <!-- Default suite -->
</testng-results>
